Determining if the pthread_create exist failed with the following output:
Change Dir: /Data/catkin-ws/src/mav2dji/build/CMakeFiles/CMakeTmp

Run Build Command:"/usr/bin/ninja" "cmTC_a01c7"
[1/2] Building C object CMakeFiles/cmTC_a01c7.dir/CheckSymbolExists.c.o
[2/2] Linking C executable cmTC_a01c7
FAILED: cmTC_a01c7 
: && /usr/bin/gcc-7   -rdynamic CMakeFiles/cmTC_a01c7.dir/CheckSymbolExists.c.o  -o cmTC_a01c7   && :
CMakeFiles/cmTC_a01c7.dir/CheckSymbolExists.c.o: In function `main':
CheckSymbolExists.c:(.text+0x1b): undefined reference to `pthread_create'
collect2: error: ld returned 1 exit status
ninja: build stopped: subcommand failed.

File /Data/catkin-ws/src/mav2dji/build/CMakeFiles/CMakeTmp/CheckSymbolExists.c:
/* */
#include <pthread.h>

int main(int argc, char** argv)
{
  (void)argv;
#ifndef pthread_create
  return ((int*)(&pthread_create))[argc];
#else
  (void)argc;
  return 0;
#endif
}

Determining if the function pthread_create exists in the pthreads failed with the following output:
Change Dir: /Data/catkin-ws/src/mav2dji/build/CMakeFiles/CMakeTmp

Run Build Command:"/usr/bin/ninja" "cmTC_b3d62"
[1/2] Building C object CMakeFiles/cmTC_b3d62.dir/CheckFunctionExists.c.o
[2/2] Linking C executable cmTC_b3d62
FAILED: cmTC_b3d62 
: && /usr/bin/gcc-7 -DCHECK_FUNCTION_EXISTS=pthread_create  -rdynamic CMakeFiles/cmTC_b3d62.dir/CheckFunctionExists.c.o  -o cmTC_b3d62  -lpthreads && :
/usr/bin/ld: cannot find -lpthreads
collect2: error: ld returned 1 exit status
ninja: build stopped: subcommand failed.


